2023-09-21 10:32:40,008 INFO org.springframework.boot.StartupInfoLogger [main] Starting MockAppApplication using Java 17.0.1 on DESKTOP-15V0HLI with PID 8344 (C:\Fakultetski predmeti\Circular\thesis\thesis-back\target\classes started by sovil in C:\Fakultetski predmeti\Circular\thesis\thesis-back)
2023-09-21 10:32:40,015 DEBUG org.springframework.boot.StartupInfoLogger [main] Running with Spring Boot v2.7.5, Spring v5.3.23
2023-09-21 10:32:40,016 INFO org.springframework.boot.SpringApplication [main] No active profile set, falling back to 1 default profile: "default"
2023-09-21 17:03:17,322 INFO org.springframework.web.socket.config.WebSocketMessageBrokerStats [MessageBroker-3] WebSocketSession[4 current WS(4)-HttpStream(0)-HttpPoll(0), 31 total, 0 closed abnormally (0 connect failure, 0 send limit, 2 transport error)], stompSubProtocol[processed CONNECT(31)-CONNECTED(31)-DISCONNECT(5)], stompBrokerRelay[null], inboundChannel[pool size = 0, active threads = 0, queued tasks = 0, completed tasks = 351], outboundChannel[pool size = 0, active threads = 0, queued tasks = 0, completed tasks = 139], sockJsScheduler[pool size = 6, active threads = 1, queued tasks = 5, completed tasks = 4275]
2023-09-21 17:08:15,931 INFO org.springframework.core.log.CompositeLog [SpringApplicationShutdownHook] Stopping...
2023-09-21 17:08:15,935 INFO org.springframework.core.log.CompositeLog [SpringApplicationShutdownHook] BrokerAvailabilityEvent[available=false, SimpleBrokerMessageHandler [org.springframework.messaging.simp.broker.DefaultSubscriptionRegistry@129c760d]]
2023-09-21 17:08:15,937 INFO org.springframework.core.log.CompositeLog [SpringApplicationShutdownHook] Stopped.
2023-09-21 17:08:16,031 INFO org.springframework.orm.jpa.AbstractEntityManagerFactoryBean [SpringApplicationShutdownHook] Closing JPA EntityManagerFactory for persistence unit 'default'
2023-09-21 17:08:16,038 INFO org.hibernate.tool.schema.internal.SchemaDropperImpl$DelayedDropActionImpl [SpringApplicationShutdownHook] HHH000477: Starting delayed evictData of schema as part of SessionFactory shut-down'
2023-09-21 17:08:16,073 INFO com.zaxxer.hikari.HikariDataSource [SpringApplicationShutdownHook] HikariPool-1 - Shutdown initiated...
2023-09-21 17:08:16,082 INFO com.zaxxer.hikari.HikariDataSource [SpringApplicationShutdownHook] HikariPool-1 - Shutdown completed.
2023-09-21 17:08:23,592 INFO org.springframework.boot.StartupInfoLogger [main] Starting MockAppApplication using Java 17.0.1 on DESKTOP-15V0HLI with PID 15568 (C:\Fakultetski predmeti\Circular\thesis\thesis-back\target\classes started by sovil in C:\Fakultetski predmeti\Circular\thesis\thesis-back)
2023-09-21 17:08:23,597 DEBUG org.springframework.boot.StartupInfoLogger [main] Running with Spring Boot v2.7.5, Spring v5.3.23
2023-09-21 17:08:23,598 INFO org.springframework.boot.SpringApplication [main] No active profile set, falling back to 1 default profile: "default"
2023-09-21 17:08:24,488 INFO org.springframework.data.repository.config.RepositoryConfigurationDelegate [main] Bootstrapping Spring Data JPA repositories in DEFAULT mode.
2023-09-21 17:08:24,572 INFO org.springframework.data.repository.config.RepositoryConfigurationDelegate [main] Finished Spring Data repository scanning in 71 ms. Found 1 JPA repository interfaces.
2023-09-21 17:08:25,234 INFO org.springframework.boot.web.embedded.tomcat.TomcatWebServer [main] Tomcat initialized with port(s): 8082 (http)
2023-09-21 17:08:25,244 INFO org.apache.juli.logging.DirectJDKLog [main] Initializing ProtocolHandler ["http-nio-8082"]
2023-09-21 17:08:25,245 INFO org.apache.juli.logging.DirectJDKLog [main] Starting service [Tomcat]
2023-09-21 17:08:25,246 INFO org.apache.juli.logging.DirectJDKLog [main] Starting Servlet engine: [Apache Tomcat/9.0.68]
2023-09-21 17:08:25,469 INFO org.apache.juli.logging.DirectJDKLog [main] Initializing Spring embedded WebApplicationContext
2023-09-21 17:08:25,469 INFO org.springframework.boot.web.servlet.context.ServletWebServerApplicationContext [main] Root WebApplicationContext: initialization completed in 1800 ms
2023-09-21 17:08:25,658 INFO org.hibernate.jpa.internal.util.LogHelper [main] HHH000204: Processing PersistenceUnitInfo [name: default]
2023-09-21 17:08:25,714 INFO org.hibernate.Version [main] HHH000412: Hibernate ORM core version 5.6.12.Final
2023-09-21 17:08:25,855 INFO org.hibernate.annotations.common.reflection.java.JavaReflectionManager [main] HCANN000001: Hibernate Commons Annotations {5.1.2.Final}
2023-09-21 17:08:25,952 INFO com.zaxxer.hikari.HikariDataSource [main] HikariPool-1 - Starting...
2023-09-21 17:08:26,129 INFO com.zaxxer.hikari.HikariDataSource [main] HikariPool-1 - Start completed.
2023-09-21 17:08:26,145 INFO org.hibernate.dialect.Dialect [main] HHH000400: Using dialect: org.hibernate.dialect.PostgreSQL95Dialect
2023-09-21 17:08:26,792 WARN org.hibernate.engine.jdbc.spi.SqlExceptionHelper$StandardWarningHandler [main] SQL Warning Code: 0, SQLState: 00000
2023-09-21 17:08:26,792 WARN org.hibernate.engine.jdbc.spi.SqlExceptionHelper$StandardWarningHandler [main] table "my_user" does not exist, skipping
2023-09-21 17:08:26,819 INFO org.hibernate.engine.transaction.jta.platform.internal.JtaPlatformInitiator [main] HHH000490: Using JtaPlatform implementation: [org.hibernate.engine.transaction.jta.platform.internal.NoJtaPlatform]
2023-09-21 17:08:26,830 INFO org.springframework.orm.jpa.AbstractEntityManagerFactoryBean [main] Initialized JPA EntityManagerFactory for persistence unit 'default'
2023-09-21 17:08:27,588 INFO org.apache.juli.logging.DirectJDKLog [main] Starting ProtocolHandler ["http-nio-8082"]
2023-09-21 17:08:27,620 INFO org.springframework.boot.web.embedded.tomcat.TomcatWebServer [main] Tomcat started on port(s): 8082 (http) with context path ''
2023-09-21 17:08:27,623 INFO org.springframework.core.log.CompositeLog [main] Starting...
2023-09-21 17:08:27,623 INFO org.springframework.core.log.CompositeLog [main] BrokerAvailabilityEvent[available=true, SimpleBrokerMessageHandler [org.springframework.messaging.simp.broker.DefaultSubscriptionRegistry@7bdb4d69]]
2023-09-21 17:08:27,623 INFO org.springframework.core.log.CompositeLog [main] Started.
2023-09-21 17:08:27,638 INFO org.springframework.boot.StartupInfoLogger [main] Started MockAppApplication in 4.822 seconds (JVM running for 5.886)
2023-09-21 17:08:56,379 INFO org.apache.juli.logging.DirectJDKLog [http-nio-8082-exec-1] Initializing Spring DispatcherServlet 'dispatcherServlet'
2023-09-21 17:08:56,379 INFO org.springframework.web.servlet.FrameworkServlet [http-nio-8082-exec-1] Initializing Servlet 'dispatcherServlet'
2023-09-21 17:08:56,380 INFO org.springframework.web.servlet.FrameworkServlet [http-nio-8082-exec-1] Completed initialization in 1 ms
2023-09-21 17:09:27,424 INFO org.springframework.web.socket.config.WebSocketMessageBrokerStats [MessageBroker-6] WebSocketSession[2 current WS(2)-HttpStream(0)-HttpPoll(0), 2 total, 0 closed abnormally (0 connect failure, 0 send limit, 0 transport error)], stompSubProtocol[processed CONNECT(2)-CONNECTED(2)-DISCONNECT(0)], stompBrokerRelay[null], inboundChannel[pool size = 9, active threads = 0, queued tasks = 0, completed tasks = 9], outboundChannel[pool size = 3, active threads = 0, queued tasks = 0, completed tasks = 3], sockJsScheduler[pool size = 6, active threads = 1, queued tasks = 3, completed tasks = 4]
2023-09-21 17:39:27,425 INFO org.springframework.web.socket.config.WebSocketMessageBrokerStats [MessageBroker-1] WebSocketSession[2 current WS(2)-HttpStream(0)-HttpPoll(0), 33 total, 0 closed abnormally (0 connect failure, 0 send limit, 0 transport error)], stompSubProtocol[processed CONNECT(33)-CONNECTED(33)-DISCONNECT(5)], stompBrokerRelay[null], inboundChannel[pool size = 0, active threads = 0, queued tasks = 0, completed tasks = 414], outboundChannel[pool size = 0, active threads = 0, queued tasks = 0, completed tasks = 92], sockJsScheduler[pool size = 6, active threads = 1, queued tasks = 3, completed tasks = 584]
2023-09-21 17:53:01,088 INFO org.springframework.core.log.CompositeLog [SpringApplicationShutdownHook] Stopping...
2023-09-21 17:53:01,093 INFO org.springframework.core.log.CompositeLog [SpringApplicationShutdownHook] BrokerAvailabilityEvent[available=false, SimpleBrokerMessageHandler [org.springframework.messaging.simp.broker.DefaultSubscriptionRegistry@7bdb4d69]]
2023-09-21 17:53:01,094 INFO org.springframework.core.log.CompositeLog [SpringApplicationShutdownHook] Stopped.
2023-09-21 17:53:01,135 INFO org.springframework.orm.jpa.AbstractEntityManagerFactoryBean [SpringApplicationShutdownHook] Closing JPA EntityManagerFactory for persistence unit 'default'
2023-09-21 17:53:01,136 INFO org.hibernate.tool.schema.internal.SchemaDropperImpl$DelayedDropActionImpl [SpringApplicationShutdownHook] HHH000477: Starting delayed evictData of schema as part of SessionFactory shut-down'
2023-09-21 17:53:01,151 INFO com.zaxxer.hikari.HikariDataSource [SpringApplicationShutdownHook] HikariPool-1 - Shutdown initiated...
2023-09-21 17:53:01,156 INFO com.zaxxer.hikari.HikariDataSource [SpringApplicationShutdownHook] HikariPool-1 - Shutdown completed.
2023-09-21 17:53:09,630 INFO org.springframework.boot.StartupInfoLogger [main] Starting MockAppApplication using Java 17.0.1 on DESKTOP-15V0HLI with PID 15684 (C:\Fakultetski predmeti\Circular\thesis\thesis-back\target\classes started by sovil in C:\Fakultetski predmeti\Circular\thesis\thesis-back)
2023-09-21 17:53:09,635 DEBUG org.springframework.boot.StartupInfoLogger [main] Running with Spring Boot v2.7.5, Spring v5.3.23
2023-09-21 17:53:09,636 INFO org.springframework.boot.SpringApplication [main] No active profile set, falling back to 1 default profile: "default"
2023-09-21 17:53:10,393 INFO org.springframework.data.repository.config.RepositoryConfigurationDelegate [main] Bootstrapping Spring Data JPA repositories in DEFAULT mode.
2023-09-21 17:53:10,455 INFO org.springframework.data.repository.config.RepositoryConfigurationDelegate [main] Finished Spring Data repository scanning in 51 ms. Found 1 JPA repository interfaces.
2023-09-21 17:53:11,002 INFO org.springframework.boot.web.embedded.tomcat.TomcatWebServer [main] Tomcat initialized with port(s): 8082 (http)
2023-09-21 17:53:11,011 INFO org.apache.juli.logging.DirectJDKLog [main] Initializing ProtocolHandler ["http-nio-8082"]
2023-09-21 17:53:11,012 INFO org.apache.juli.logging.DirectJDKLog [main] Starting service [Tomcat]
2023-09-21 17:53:11,012 INFO org.apache.juli.logging.DirectJDKLog [main] Starting Servlet engine: [Apache Tomcat/9.0.68]
2023-09-21 17:53:11,190 INFO org.apache.juli.logging.DirectJDKLog [main] Initializing Spring embedded WebApplicationContext
2023-09-21 17:53:11,191 INFO org.springframework.boot.web.servlet.context.ServletWebServerApplicationContext [main] Root WebApplicationContext: initialization completed in 1490 ms
2023-09-21 17:53:11,364 INFO org.hibernate.jpa.internal.util.LogHelper [main] HHH000204: Processing PersistenceUnitInfo [name: default]
2023-09-21 17:53:11,413 INFO org.hibernate.Version [main] HHH000412: Hibernate ORM core version 5.6.12.Final
2023-09-21 17:53:11,585 INFO org.hibernate.annotations.common.reflection.java.JavaReflectionManager [main] HCANN000001: Hibernate Commons Annotations {5.1.2.Final}
2023-09-21 17:53:11,727 INFO com.zaxxer.hikari.HikariDataSource [main] HikariPool-1 - Starting...
2023-09-21 17:53:11,894 INFO com.zaxxer.hikari.HikariDataSource [main] HikariPool-1 - Start completed.
2023-09-21 17:53:11,911 INFO org.hibernate.dialect.Dialect [main] HHH000400: Using dialect: org.hibernate.dialect.PostgreSQL95Dialect
2023-09-21 17:53:12,585 WARN org.hibernate.engine.jdbc.spi.SqlExceptionHelper$StandardWarningHandler [main] SQL Warning Code: 0, SQLState: 00000
2023-09-21 17:53:12,585 WARN org.hibernate.engine.jdbc.spi.SqlExceptionHelper$StandardWarningHandler [main] table "my_user" does not exist, skipping
2023-09-21 17:53:12,609 INFO org.hibernate.engine.transaction.jta.platform.internal.JtaPlatformInitiator [main] HHH000490: Using JtaPlatform implementation: [org.hibernate.engine.transaction.jta.platform.internal.NoJtaPlatform]
2023-09-21 17:53:12,618 INFO org.springframework.orm.jpa.AbstractEntityManagerFactoryBean [main] Initialized JPA EntityManagerFactory for persistence unit 'default'
2023-09-21 17:53:13,355 INFO org.apache.juli.logging.DirectJDKLog [main] Starting ProtocolHandler ["http-nio-8082"]
2023-09-21 17:53:13,376 INFO org.springframework.boot.web.embedded.tomcat.TomcatWebServer [main] Tomcat started on port(s): 8082 (http) with context path ''
2023-09-21 17:53:13,378 INFO org.springframework.core.log.CompositeLog [main] Starting...
2023-09-21 17:53:13,379 INFO org.springframework.core.log.CompositeLog [main] BrokerAvailabilityEvent[available=true, SimpleBrokerMessageHandler [org.springframework.messaging.simp.broker.DefaultSubscriptionRegistry@1acc768]]
2023-09-21 17:53:13,379 INFO org.springframework.core.log.CompositeLog [main] Started.
2023-09-21 17:53:13,392 INFO org.springframework.boot.StartupInfoLogger [main] Started MockAppApplication in 4.346 seconds (JVM running for 5.257)
2023-09-21 17:53:27,532 INFO org.apache.juli.logging.DirectJDKLog [http-nio-8082-exec-2] Initializing Spring DispatcherServlet 'dispatcherServlet'
2023-09-21 17:53:27,533 INFO org.springframework.web.servlet.FrameworkServlet [http-nio-8082-exec-2] Initializing Servlet 'dispatcherServlet'
2023-09-21 17:53:27,534 INFO org.springframework.web.servlet.FrameworkServlet [http-nio-8082-exec-2] Completed initialization in 1 ms
2023-09-21 17:54:13,196 INFO org.springframework.web.socket.config.WebSocketMessageBrokerStats [MessageBroker-1] WebSocketSession[2 current WS(2)-HttpStream(0)-HttpPoll(0), 2 total, 0 closed abnormally (0 connect failure, 0 send limit, 0 transport error)], stompSubProtocol[processed CONNECT(2)-CONNECTED(2)-DISCONNECT(0)], stompBrokerRelay[null], inboundChannel[pool size = 9, active threads = 0, queued tasks = 0, completed tasks = 9], outboundChannel[pool size = 6, active threads = 0, queued tasks = 0, completed tasks = 6], sockJsScheduler[pool size = 6, active threads = 1, queued tasks = 3, completed tasks = 11]
2023-09-21 18:24:13,207 INFO org.springframework.web.socket.config.WebSocketMessageBrokerStats [MessageBroker-6] WebSocketSession[2 current WS(2)-HttpStream(0)-HttpPoll(0), 4 total, 0 closed abnormally (0 connect failure, 0 send limit, 0 transport error)], stompSubProtocol[processed CONNECT(4)-CONNECTED(4)-DISCONNECT(0)], stompBrokerRelay[null], inboundChannel[pool size = 0, active threads = 0, queued tasks = 0, completed tasks = 30], outboundChannel[pool size = 0, active threads = 0, queued tasks = 0, completed tasks = 18], sockJsScheduler[pool size = 6, active threads = 1, queued tasks = 3, completed tasks = 515]
2023-09-21 18:32:19,622 INFO org.springframework.core.log.CompositeLog [SpringApplicationShutdownHook] Stopping...
2023-09-21 18:32:19,623 INFO org.springframework.core.log.CompositeLog [SpringApplicationShutdownHook] BrokerAvailabilityEvent[available=false, SimpleBrokerMessageHandler [org.springframework.messaging.simp.broker.DefaultSubscriptionRegistry@1acc768]]
2023-09-21 18:32:19,623 INFO org.springframework.core.log.CompositeLog [SpringApplicationShutdownHook] Stopped.
2023-09-21 18:32:19,664 INFO org.springframework.orm.jpa.AbstractEntityManagerFactoryBean [SpringApplicationShutdownHook] Closing JPA EntityManagerFactory for persistence unit 'default'
2023-09-21 18:32:19,665 INFO org.hibernate.tool.schema.internal.SchemaDropperImpl$DelayedDropActionImpl [SpringApplicationShutdownHook] HHH000477: Starting delayed evictData of schema as part of SessionFactory shut-down'
2023-09-21 18:32:19,680 INFO com.zaxxer.hikari.HikariDataSource [SpringApplicationShutdownHook] HikariPool-1 - Shutdown initiated...
2023-09-21 18:32:19,684 INFO com.zaxxer.hikari.HikariDataSource [SpringApplicationShutdownHook] HikariPool-1 - Shutdown completed.
2023-09-21 18:32:26,082 INFO org.springframework.boot.StartupInfoLogger [main] Starting MockAppApplication using Java 17.0.1 on DESKTOP-15V0HLI with PID 11964 (C:\Fakultetski predmeti\Circular\thesis\thesis-back\target\classes started by sovil in C:\Fakultetski predmeti\Circular\thesis\thesis-back)
2023-09-21 18:32:26,086 DEBUG org.springframework.boot.StartupInfoLogger [main] Running with Spring Boot v2.7.5, Spring v5.3.23
2023-09-21 18:32:26,087 INFO org.springframework.boot.SpringApplication [main] No active profile set, falling back to 1 default profile: "default"
2023-09-21 18:32:26,950 INFO org.springframework.data.repository.config.RepositoryConfigurationDelegate [main] Bootstrapping Spring Data JPA repositories in DEFAULT mode.
2023-09-21 18:32:27,018 INFO org.springframework.data.repository.config.RepositoryConfigurationDelegate [main] Finished Spring Data repository scanning in 57 ms. Found 1 JPA repository interfaces.
2023-09-21 18:32:27,605 INFO org.springframework.boot.web.embedded.tomcat.TomcatWebServer [main] Tomcat initialized with port(s): 8082 (http)
2023-09-21 18:32:27,614 INFO org.apache.juli.logging.DirectJDKLog [main] Initializing ProtocolHandler ["http-nio-8082"]
2023-09-21 18:32:27,615 INFO org.apache.juli.logging.DirectJDKLog [main] Starting service [Tomcat]
2023-09-21 18:32:27,615 INFO org.apache.juli.logging.DirectJDKLog [main] Starting Servlet engine: [Apache Tomcat/9.0.68]
2023-09-21 18:32:27,796 INFO org.apache.juli.logging.DirectJDKLog [main] Initializing Spring embedded WebApplicationContext
2023-09-21 18:32:27,797 INFO org.springframework.boot.web.servlet.context.ServletWebServerApplicationContext [main] Root WebApplicationContext: initialization completed in 1646 ms
2023-09-21 18:32:27,981 INFO org.hibernate.jpa.internal.util.LogHelper [main] HHH000204: Processing PersistenceUnitInfo [name: default]
2023-09-21 18:32:28,030 INFO org.hibernate.Version [main] HHH000412: Hibernate ORM core version 5.6.12.Final
2023-09-21 18:32:28,169 INFO org.hibernate.annotations.common.reflection.java.JavaReflectionManager [main] HCANN000001: Hibernate Commons Annotations {5.1.2.Final}
2023-09-21 18:32:28,277 INFO com.zaxxer.hikari.HikariDataSource [main] HikariPool-1 - Starting...
2023-09-21 18:32:28,457 INFO com.zaxxer.hikari.HikariDataSource [main] HikariPool-1 - Start completed.
2023-09-21 18:32:28,474 INFO org.hibernate.dialect.Dialect [main] HHH000400: Using dialect: org.hibernate.dialect.PostgreSQL95Dialect
2023-09-21 18:32:29,034 WARN org.hibernate.engine.jdbc.spi.SqlExceptionHelper$StandardWarningHandler [main] SQL Warning Code: 0, SQLState: 00000
2023-09-21 18:32:29,034 WARN org.hibernate.engine.jdbc.spi.SqlExceptionHelper$StandardWarningHandler [main] table "my_user" does not exist, skipping
2023-09-21 18:32:29,061 INFO org.hibernate.engine.transaction.jta.platform.internal.JtaPlatformInitiator [main] HHH000490: Using JtaPlatform implementation: [org.hibernate.engine.transaction.jta.platform.internal.NoJtaPlatform]
2023-09-21 18:32:29,073 INFO org.springframework.orm.jpa.AbstractEntityManagerFactoryBean [main] Initialized JPA EntityManagerFactory for persistence unit 'default'
2023-09-21 18:32:29,827 INFO org.apache.juli.logging.DirectJDKLog [main] Starting ProtocolHandler ["http-nio-8082"]
2023-09-21 18:32:29,848 INFO org.springframework.boot.web.embedded.tomcat.TomcatWebServer [main] Tomcat started on port(s): 8082 (http) with context path ''
2023-09-21 18:32:29,850 INFO org.springframework.core.log.CompositeLog [main] Starting...
2023-09-21 18:32:29,851 INFO org.springframework.core.log.CompositeLog [main] BrokerAvailabilityEvent[available=true, SimpleBrokerMessageHandler [org.springframework.messaging.simp.broker.DefaultSubscriptionRegistry@12c78f36]]
2023-09-21 18:32:29,851 INFO org.springframework.core.log.CompositeLog [main] Started.
2023-09-21 18:32:29,865 INFO org.springframework.boot.StartupInfoLogger [main] Started MockAppApplication in 4.356 seconds (JVM running for 5.298)
2023-09-21 18:32:32,933 INFO org.apache.juli.logging.DirectJDKLog [http-nio-8082-exec-1] Initializing Spring DispatcherServlet 'dispatcherServlet'
2023-09-21 18:32:32,933 INFO org.springframework.web.servlet.FrameworkServlet [http-nio-8082-exec-1] Initializing Servlet 'dispatcherServlet'
2023-09-21 18:32:32,935 INFO org.springframework.web.servlet.FrameworkServlet [http-nio-8082-exec-1] Completed initialization in 1 ms
2023-09-21 18:33:29,678 INFO org.springframework.web.socket.config.WebSocketMessageBrokerStats [MessageBroker-3] WebSocketSession[2 current WS(2)-HttpStream(0)-HttpPoll(0), 2 total, 0 closed abnormally (0 connect failure, 0 send limit, 0 transport error)], stompSubProtocol[processed CONNECT(2)-CONNECTED(2)-DISCONNECT(0)], stompBrokerRelay[null], inboundChannel[pool size = 9, active threads = 0, queued tasks = 0, completed tasks = 9], outboundChannel[pool size = 2, active threads = 0, queued tasks = 0, completed tasks = 2], sockJsScheduler[pool size = 6, active threads = 1, queued tasks = 3, completed tasks = 16]
2023-09-21 18:44:03,570 INFO org.springframework.core.log.CompositeLog [SpringApplicationShutdownHook] Stopping...
2023-09-21 18:44:03,571 INFO org.springframework.core.log.CompositeLog [SpringApplicationShutdownHook] BrokerAvailabilityEvent[available=false, SimpleBrokerMessageHandler [org.springframework.messaging.simp.broker.DefaultSubscriptionRegistry@12c78f36]]
2023-09-21 18:44:03,572 INFO org.springframework.core.log.CompositeLog [SpringApplicationShutdownHook] Stopped.
2023-09-21 18:44:03,612 INFO org.springframework.orm.jpa.AbstractEntityManagerFactoryBean [SpringApplicationShutdownHook] Closing JPA EntityManagerFactory for persistence unit 'default'
2023-09-21 18:44:03,613 INFO org.hibernate.tool.schema.internal.SchemaDropperImpl$DelayedDropActionImpl [SpringApplicationShutdownHook] HHH000477: Starting delayed evictData of schema as part of SessionFactory shut-down'
2023-09-21 18:44:03,625 INFO com.zaxxer.hikari.HikariDataSource [SpringApplicationShutdownHook] HikariPool-1 - Shutdown initiated...
2023-09-21 18:44:03,630 INFO com.zaxxer.hikari.HikariDataSource [SpringApplicationShutdownHook] HikariPool-1 - Shutdown completed.
2023-09-21 18:44:08,468 INFO org.springframework.boot.StartupInfoLogger [main] Starting MockAppApplication using Java 17.0.1 on DESKTOP-15V0HLI with PID 5024 (C:\Fakultetski predmeti\Circular\thesis\thesis-back\target\classes started by sovil in C:\Fakultetski predmeti\Circular\thesis\thesis-back)
2023-09-21 18:44:08,472 DEBUG org.springframework.boot.StartupInfoLogger [main] Running with Spring Boot v2.7.5, Spring v5.3.23
2023-09-21 18:44:08,473 INFO org.springframework.boot.SpringApplication [main] No active profile set, falling back to 1 default profile: "default"
2023-09-21 18:44:09,243 INFO org.springframework.data.repository.config.RepositoryConfigurationDelegate [main] Bootstrapping Spring Data JPA repositories in DEFAULT mode.
2023-09-21 18:44:09,314 INFO org.springframework.data.repository.config.RepositoryConfigurationDelegate [main] Finished Spring Data repository scanning in 60 ms. Found 1 JPA repository interfaces.
2023-09-21 18:44:09,930 INFO org.springframework.boot.web.embedded.tomcat.TomcatWebServer [main] Tomcat initialized with port(s): 8082 (http)
2023-09-21 18:44:09,940 INFO org.apache.juli.logging.DirectJDKLog [main] Initializing ProtocolHandler ["http-nio-8082"]
2023-09-21 18:44:09,940 INFO org.apache.juli.logging.DirectJDKLog [main] Starting service [Tomcat]
2023-09-21 18:44:09,941 INFO org.apache.juli.logging.DirectJDKLog [main] Starting Servlet engine: [Apache Tomcat/9.0.68]
2023-09-21 18:44:10,123 INFO org.apache.juli.logging.DirectJDKLog [main] Initializing Spring embedded WebApplicationContext
2023-09-21 18:44:10,123 INFO org.springframework.boot.web.servlet.context.ServletWebServerApplicationContext [main] Root WebApplicationContext: initialization completed in 1589 ms
2023-09-21 18:44:10,321 INFO org.hibernate.jpa.internal.util.LogHelper [main] HHH000204: Processing PersistenceUnitInfo [name: default]
2023-09-21 18:44:10,373 INFO org.hibernate.Version [main] HHH000412: Hibernate ORM core version 5.6.12.Final
2023-09-21 18:44:10,537 INFO org.hibernate.annotations.common.reflection.java.JavaReflectionManager [main] HCANN000001: Hibernate Commons Annotations {5.1.2.Final}
2023-09-21 18:44:10,652 INFO com.zaxxer.hikari.HikariDataSource [main] HikariPool-1 - Starting...
2023-09-21 18:44:10,975 INFO com.zaxxer.hikari.HikariDataSource [main] HikariPool-1 - Start completed.
2023-09-21 18:44:11,002 INFO org.hibernate.dialect.Dialect [main] HHH000400: Using dialect: org.hibernate.dialect.PostgreSQL95Dialect
2023-09-21 18:44:11,720 WARN org.hibernate.engine.jdbc.spi.SqlExceptionHelper$StandardWarningHandler [main] SQL Warning Code: 0, SQLState: 00000
2023-09-21 18:44:11,721 WARN org.hibernate.engine.jdbc.spi.SqlExceptionHelper$StandardWarningHandler [main] table "my_user" does not exist, skipping
2023-09-21 18:44:11,752 INFO org.hibernate.engine.transaction.jta.platform.internal.JtaPlatformInitiator [main] HHH000490: Using JtaPlatform implementation: [org.hibernate.engine.transaction.jta.platform.internal.NoJtaPlatform]
2023-09-21 18:44:11,765 INFO org.springframework.orm.jpa.AbstractEntityManagerFactoryBean [main] Initialized JPA EntityManagerFactory for persistence unit 'default'
2023-09-21 18:44:12,666 INFO org.apache.juli.logging.DirectJDKLog [main] Starting ProtocolHandler ["http-nio-8082"]
2023-09-21 18:44:12,687 INFO org.springframework.boot.web.embedded.tomcat.TomcatWebServer [main] Tomcat started on port(s): 8082 (http) with context path ''
2023-09-21 18:44:12,691 INFO org.springframework.core.log.CompositeLog [main] Starting...
2023-09-21 18:44:12,692 INFO org.springframework.core.log.CompositeLog [main] BrokerAvailabilityEvent[available=true, SimpleBrokerMessageHandler [org.springframework.messaging.simp.broker.DefaultSubscriptionRegistry@6821c63c]]
2023-09-21 18:44:12,692 INFO org.springframework.core.log.CompositeLog [main] Started.
2023-09-21 18:44:12,708 INFO org.springframework.boot.StartupInfoLogger [main] Started MockAppApplication in 5.201 seconds (JVM running for 6.695)
2023-09-21 18:44:17,516 INFO org.apache.juli.logging.DirectJDKLog [http-nio-8082-exec-1] Initializing Spring DispatcherServlet 'dispatcherServlet'
2023-09-21 18:44:17,517 INFO org.springframework.web.servlet.FrameworkServlet [http-nio-8082-exec-1] Initializing Servlet 'dispatcherServlet'
2023-09-21 18:44:17,519 INFO org.springframework.web.servlet.FrameworkServlet [http-nio-8082-exec-1] Completed initialization in 2 ms
2023-09-21 18:44:39,160 INFO org.springframework.core.log.CompositeLog [SpringApplicationShutdownHook] Stopping...
2023-09-21 18:44:39,161 INFO org.springframework.core.log.CompositeLog [SpringApplicationShutdownHook] BrokerAvailabilityEvent[available=false, SimpleBrokerMessageHandler [org.springframework.messaging.simp.broker.DefaultSubscriptionRegistry@6821c63c]]
2023-09-21 18:44:39,162 INFO org.springframework.core.log.CompositeLog [SpringApplicationShutdownHook] Stopped.
2023-09-21 18:44:39,210 INFO org.springframework.orm.jpa.AbstractEntityManagerFactoryBean [SpringApplicationShutdownHook] Closing JPA EntityManagerFactory for persistence unit 'default'
2023-09-21 18:44:39,212 INFO org.hibernate.tool.schema.internal.SchemaDropperImpl$DelayedDropActionImpl [SpringApplicationShutdownHook] HHH000477: Starting delayed evictData of schema as part of SessionFactory shut-down'
2023-09-21 18:44:39,225 INFO com.zaxxer.hikari.HikariDataSource [SpringApplicationShutdownHook] HikariPool-1 - Shutdown initiated...
2023-09-21 18:44:39,230 INFO com.zaxxer.hikari.HikariDataSource [SpringApplicationShutdownHook] HikariPool-1 - Shutdown completed.
2023-09-21 18:44:46,498 INFO org.springframework.boot.StartupInfoLogger [main] Starting MockAppApplication using Java 17.0.1 on DESKTOP-15V0HLI with PID 6748 (C:\Fakultetski predmeti\Circular\thesis\thesis-back\target\classes started by sovil in C:\Fakultetski predmeti\Circular\thesis\thesis-back)
2023-09-21 18:44:46,501 DEBUG org.springframework.boot.StartupInfoLogger [main] Running with Spring Boot v2.7.5, Spring v5.3.23
2023-09-21 18:44:46,502 INFO org.springframework.boot.SpringApplication [main] No active profile set, falling back to 1 default profile: "default"
2023-09-21 18:44:47,310 INFO org.springframework.data.repository.config.RepositoryConfigurationDelegate [main] Bootstrapping Spring Data JPA repositories in DEFAULT mode.
2023-09-21 18:44:47,379 INFO org.springframework.data.repository.config.RepositoryConfigurationDelegate [main] Finished Spring Data repository scanning in 57 ms. Found 1 JPA repository interfaces.
2023-09-21 18:44:48,060 INFO org.springframework.boot.web.embedded.tomcat.TomcatWebServer [main] Tomcat initialized with port(s): 8082 (http)
2023-09-21 18:44:48,069 INFO org.apache.juli.logging.DirectJDKLog [main] Initializing ProtocolHandler ["http-nio-8082"]
2023-09-21 18:44:48,070 INFO org.apache.juli.logging.DirectJDKLog [main] Starting service [Tomcat]
2023-09-21 18:44:48,071 INFO org.apache.juli.logging.DirectJDKLog [main] Starting Servlet engine: [Apache Tomcat/9.0.68]
2023-09-21 18:44:48,254 INFO org.apache.juli.logging.DirectJDKLog [main] Initializing Spring embedded WebApplicationContext
2023-09-21 18:44:48,255 INFO org.springframework.boot.web.servlet.context.ServletWebServerApplicationContext [main] Root WebApplicationContext: initialization completed in 1691 ms
2023-09-21 18:44:48,447 INFO org.hibernate.jpa.internal.util.LogHelper [main] HHH000204: Processing PersistenceUnitInfo [name: default]
2023-09-21 18:44:48,499 INFO org.hibernate.Version [main] HHH000412: Hibernate ORM core version 5.6.12.Final
2023-09-21 18:44:48,660 INFO org.hibernate.annotations.common.reflection.java.JavaReflectionManager [main] HCANN000001: Hibernate Commons Annotations {5.1.2.Final}
2023-09-21 18:44:48,772 INFO com.zaxxer.hikari.HikariDataSource [main] HikariPool-1 - Starting...
2023-09-21 18:44:48,968 INFO com.zaxxer.hikari.HikariDataSource [main] HikariPool-1 - Start completed.
2023-09-21 18:44:48,987 INFO org.hibernate.dialect.Dialect [main] HHH000400: Using dialect: org.hibernate.dialect.PostgreSQL95Dialect
2023-09-21 18:44:49,692 WARN org.hibernate.engine.jdbc.spi.SqlExceptionHelper$StandardWarningHandler [main] SQL Warning Code: 0, SQLState: 00000
2023-09-21 18:44:49,692 WARN org.hibernate.engine.jdbc.spi.SqlExceptionHelper$StandardWarningHandler [main] table "my_user" does not exist, skipping
2023-09-21 18:44:49,728 INFO org.hibernate.engine.transaction.jta.platform.internal.JtaPlatformInitiator [main] HHH000490: Using JtaPlatform implementation: [org.hibernate.engine.transaction.jta.platform.internal.NoJtaPlatform]
2023-09-21 18:44:49,742 INFO org.springframework.orm.jpa.AbstractEntityManagerFactoryBean [main] Initialized JPA EntityManagerFactory for persistence unit 'default'
2023-09-21 18:44:50,590 INFO org.apache.juli.logging.DirectJDKLog [main] Starting ProtocolHandler ["http-nio-8082"]
2023-09-21 18:44:50,612 INFO org.springframework.boot.web.embedded.tomcat.TomcatWebServer [main] Tomcat started on port(s): 8082 (http) with context path ''
2023-09-21 18:44:50,615 INFO org.springframework.core.log.CompositeLog [main] Starting...
2023-09-21 18:44:50,616 INFO org.springframework.core.log.CompositeLog [main] BrokerAvailabilityEvent[available=true, SimpleBrokerMessageHandler [org.springframework.messaging.simp.broker.DefaultSubscriptionRegistry@bb21063]]
2023-09-21 18:44:50,616 INFO org.springframework.core.log.CompositeLog [main] Started.
2023-09-21 18:44:50,629 INFO org.springframework.boot.StartupInfoLogger [main] Started MockAppApplication in 4.929 seconds (JVM running for 6.102)
2023-09-21 18:44:50,733 INFO org.apache.juli.logging.DirectJDKLog [http-nio-8082-exec-1] Initializing Spring DispatcherServlet 'dispatcherServlet'
2023-09-21 18:44:50,734 INFO org.springframework.web.servlet.FrameworkServlet [http-nio-8082-exec-1] Initializing Servlet 'dispatcherServlet'
2023-09-21 18:44:50,735 INFO org.springframework.web.servlet.FrameworkServlet [http-nio-8082-exec-1] Completed initialization in 1 ms
2023-09-21 18:45:50,417 INFO org.springframework.web.socket.config.WebSocketMessageBrokerStats [MessageBroker-3] WebSocketSession[2 current WS(2)-HttpStream(0)-HttpPoll(0), 2 total, 0 closed abnormally (0 connect failure, 0 send limit, 0 transport error)], stompSubProtocol[processed CONNECT(2)-CONNECTED(2)-DISCONNECT(0)], stompBrokerRelay[null], inboundChannel[pool size = 9, active threads = 0, queued tasks = 0, completed tasks = 9], outboundChannel[pool size = 2, active threads = 0, queued tasks = 0, completed tasks = 2], sockJsScheduler[pool size = 6, active threads = 1, queued tasks = 3, completed tasks = 16]
2023-09-21 18:48:12,536 INFO org.springframework.core.log.CompositeLog [SpringApplicationShutdownHook] Stopping...
2023-09-21 18:48:12,537 INFO org.springframework.core.log.CompositeLog [SpringApplicationShutdownHook] BrokerAvailabilityEvent[available=false, SimpleBrokerMessageHandler [org.springframework.messaging.simp.broker.DefaultSubscriptionRegistry@bb21063]]
2023-09-21 18:48:12,537 INFO org.springframework.core.log.CompositeLog [SpringApplicationShutdownHook] Stopped.
2023-09-21 18:48:12,581 INFO org.springframework.orm.jpa.AbstractEntityManagerFactoryBean [SpringApplicationShutdownHook] Closing JPA EntityManagerFactory for persistence unit 'default'
2023-09-21 18:48:12,581 INFO org.hibernate.tool.schema.internal.SchemaDropperImpl$DelayedDropActionImpl [SpringApplicationShutdownHook] HHH000477: Starting delayed evictData of schema as part of SessionFactory shut-down'
2023-09-21 18:48:12,595 INFO com.zaxxer.hikari.HikariDataSource [SpringApplicationShutdownHook] HikariPool-1 - Shutdown initiated...
2023-09-21 18:48:12,598 INFO com.zaxxer.hikari.HikariDataSource [SpringApplicationShutdownHook] HikariPool-1 - Shutdown completed.
2023-09-21 18:48:19,774 INFO org.springframework.boot.StartupInfoLogger [main] Starting MockAppApplication using Java 17.0.1 on DESKTOP-15V0HLI with PID 19724 (C:\Fakultetski predmeti\Circular\thesis\thesis-back\target\classes started by sovil in C:\Fakultetski predmeti\Circular\thesis\thesis-back)
2023-09-21 18:48:19,778 DEBUG org.springframework.boot.StartupInfoLogger [main] Running with Spring Boot v2.7.5, Spring v5.3.23
2023-09-21 18:48:19,779 INFO org.springframework.boot.SpringApplication [main] No active profile set, falling back to 1 default profile: "default"
2023-09-21 18:48:20,643 INFO org.springframework.data.repository.config.RepositoryConfigurationDelegate [main] Bootstrapping Spring Data JPA repositories in DEFAULT mode.
2023-09-21 18:48:20,725 INFO org.springframework.data.repository.config.RepositoryConfigurationDelegate [main] Finished Spring Data repository scanning in 69 ms. Found 1 JPA repository interfaces.
2023-09-21 18:48:21,340 INFO org.springframework.boot.web.embedded.tomcat.TomcatWebServer [main] Tomcat initialized with port(s): 8082 (http)
2023-09-21 18:48:21,363 INFO org.apache.juli.logging.DirectJDKLog [main] Initializing ProtocolHandler ["http-nio-8082"]
2023-09-21 18:48:21,364 INFO org.apache.juli.logging.DirectJDKLog [main] Starting service [Tomcat]
2023-09-21 18:48:21,364 INFO org.apache.juli.logging.DirectJDKLog [main] Starting Servlet engine: [Apache Tomcat/9.0.68]
2023-09-21 18:48:21,543 INFO org.apache.juli.logging.DirectJDKLog [main] Initializing Spring embedded WebApplicationContext
2023-09-21 18:48:21,543 INFO org.springframework.boot.web.servlet.context.ServletWebServerApplicationContext [main] Root WebApplicationContext: initialization completed in 1698 ms
2023-09-21 18:48:21,736 INFO org.hibernate.jpa.internal.util.LogHelper [main] HHH000204: Processing PersistenceUnitInfo [name: default]
2023-09-21 18:48:21,794 INFO org.hibernate.Version [main] HHH000412: Hibernate ORM core version 5.6.12.Final
2023-09-21 18:48:21,958 INFO org.hibernate.annotations.common.reflection.java.JavaReflectionManager [main] HCANN000001: Hibernate Commons Annotations {5.1.2.Final}
2023-09-21 18:48:22,084 INFO com.zaxxer.hikari.HikariDataSource [main] HikariPool-1 - Starting...
2023-09-21 18:48:22,277 INFO com.zaxxer.hikari.HikariDataSource [main] HikariPool-1 - Start completed.
2023-09-21 18:48:22,297 INFO org.hibernate.dialect.Dialect [main] HHH000400: Using dialect: org.hibernate.dialect.PostgreSQL95Dialect
2023-09-21 18:48:23,020 WARN org.hibernate.engine.jdbc.spi.SqlExceptionHelper$StandardWarningHandler [main] SQL Warning Code: 0, SQLState: 00000
2023-09-21 18:48:23,020 WARN org.hibernate.engine.jdbc.spi.SqlExceptionHelper$StandardWarningHandler [main] table "my_user" does not exist, skipping
2023-09-21 18:48:23,048 INFO org.hibernate.engine.transaction.jta.platform.internal.JtaPlatformInitiator [main] HHH000490: Using JtaPlatform implementation: [org.hibernate.engine.transaction.jta.platform.internal.NoJtaPlatform]
2023-09-21 18:48:23,062 INFO org.springframework.orm.jpa.AbstractEntityManagerFactoryBean [main] Initialized JPA EntityManagerFactory for persistence unit 'default'
2023-09-21 18:48:23,891 INFO org.apache.juli.logging.DirectJDKLog [main] Starting ProtocolHandler ["http-nio-8082"]
2023-09-21 18:48:23,915 INFO org.springframework.boot.web.embedded.tomcat.TomcatWebServer [main] Tomcat started on port(s): 8082 (http) with context path ''
2023-09-21 18:48:23,918 INFO org.springframework.core.log.CompositeLog [main] Starting...
2023-09-21 18:48:23,918 INFO org.springframework.core.log.CompositeLog [main] BrokerAvailabilityEvent[available=true, SimpleBrokerMessageHandler [org.springframework.messaging.simp.broker.DefaultSubscriptionRegistry@72646d16]]
2023-09-21 18:48:23,919 INFO org.springframework.core.log.CompositeLog [main] Started.
2023-09-21 18:48:23,933 INFO org.springframework.boot.StartupInfoLogger [main] Started MockAppApplication in 4.887 seconds (JVM running for 6.176)
2023-09-21 18:48:44,120 INFO org.apache.juli.logging.DirectJDKLog [http-nio-8082-exec-1] Initializing Spring DispatcherServlet 'dispatcherServlet'
2023-09-21 18:48:44,121 INFO org.springframework.web.servlet.FrameworkServlet [http-nio-8082-exec-1] Initializing Servlet 'dispatcherServlet'
2023-09-21 18:48:44,122 INFO org.springframework.web.servlet.FrameworkServlet [http-nio-8082-exec-1] Completed initialization in 1 ms
2023-09-21 18:49:23,711 INFO org.springframework.web.socket.config.WebSocketMessageBrokerStats [MessageBroker-3] WebSocketSession[2 current WS(2)-HttpStream(0)-HttpPoll(0), 4 total, 0 closed abnormally (0 connect failure, 0 send limit, 0 transport error)], stompSubProtocol[processed CONNECT(4)-CONNECTED(4)-DISCONNECT(0)], stompBrokerRelay[null], inboundChannel[pool size = 12, active threads = 0, queued tasks = 0, completed tasks = 30], outboundChannel[pool size = 7, active threads = 0, queued tasks = 0, completed tasks = 7], sockJsScheduler[pool size = 6, active threads = 1, queued tasks = 3, completed tasks = 9]
2023-09-21 18:51:13,652 INFO org.springframework.core.log.CompositeLog [SpringApplicationShutdownHook] Stopping...
2023-09-21 18:51:13,653 INFO org.springframework.core.log.CompositeLog [SpringApplicationShutdownHook] BrokerAvailabilityEvent[available=false, SimpleBrokerMessageHandler [org.springframework.messaging.simp.broker.DefaultSubscriptionRegistry@72646d16]]
2023-09-21 18:51:13,654 INFO org.springframework.core.log.CompositeLog [SpringApplicationShutdownHook] Stopped.
2023-09-21 18:51:13,703 INFO org.springframework.orm.jpa.AbstractEntityManagerFactoryBean [SpringApplicationShutdownHook] Closing JPA EntityManagerFactory for persistence unit 'default'
2023-09-21 18:51:13,703 INFO org.hibernate.tool.schema.internal.SchemaDropperImpl$DelayedDropActionImpl [SpringApplicationShutdownHook] HHH000477: Starting delayed evictData of schema as part of SessionFactory shut-down'
2023-09-21 18:51:13,717 INFO com.zaxxer.hikari.HikariDataSource [SpringApplicationShutdownHook] HikariPool-1 - Shutdown initiated...
2023-09-21 18:51:13,720 INFO com.zaxxer.hikari.HikariDataSource [SpringApplicationShutdownHook] HikariPool-1 - Shutdown completed.
2023-09-21 18:51:44,820 INFO org.springframework.boot.StartupInfoLogger [main] Starting MockAppApplication using Java 17.0.1 on DESKTOP-15V0HLI with PID 17732 (C:\Fakultetski predmeti\Circular\thesis\thesis-back\target\classes started by sovil in C:\Fakultetski predmeti\Circular\thesis\thesis-back)
2023-09-21 18:51:44,824 DEBUG org.springframework.boot.StartupInfoLogger [main] Running with Spring Boot v2.7.5, Spring v5.3.23
2023-09-21 18:51:44,824 INFO org.springframework.boot.SpringApplication [main] No active profile set, falling back to 1 default profile: "default"
2023-09-21 18:51:45,592 INFO org.springframework.data.repository.config.RepositoryConfigurationDelegate [main] Bootstrapping Spring Data JPA repositories in DEFAULT mode.
2023-09-21 18:51:45,661 INFO org.springframework.data.repository.config.RepositoryConfigurationDelegate [main] Finished Spring Data repository scanning in 57 ms. Found 1 JPA repository interfaces.
2023-09-21 18:51:46,243 INFO org.springframework.boot.web.embedded.tomcat.TomcatWebServer [main] Tomcat initialized with port(s): 8082 (http)
2023-09-21 18:51:46,252 INFO org.apache.juli.logging.DirectJDKLog [main] Initializing ProtocolHandler ["http-nio-8082"]
2023-09-21 18:51:46,253 INFO org.apache.juli.logging.DirectJDKLog [main] Starting service [Tomcat]
2023-09-21 18:51:46,254 INFO org.apache.juli.logging.DirectJDKLog [main] Starting Servlet engine: [Apache Tomcat/9.0.68]
2023-09-21 18:51:46,429 INFO org.apache.juli.logging.DirectJDKLog [main] Initializing Spring embedded WebApplicationContext
2023-09-21 18:51:46,430 INFO org.springframework.boot.web.servlet.context.ServletWebServerApplicationContext [main] Root WebApplicationContext: initialization completed in 1545 ms
2023-09-21 18:51:46,614 INFO org.hibernate.jpa.internal.util.LogHelper [main] HHH000204: Processing PersistenceUnitInfo [name: default]
2023-09-21 18:51:46,666 INFO org.hibernate.Version [main] HHH000412: Hibernate ORM core version 5.6.12.Final
2023-09-21 18:51:46,817 INFO org.hibernate.annotations.common.reflection.java.JavaReflectionManager [main] HCANN000001: Hibernate Commons Annotations {5.1.2.Final}
2023-09-21 18:51:46,928 INFO com.zaxxer.hikari.HikariDataSource [main] HikariPool-1 - Starting...
2023-09-21 18:51:47,111 INFO com.zaxxer.hikari.HikariDataSource [main] HikariPool-1 - Start completed.
2023-09-21 18:51:47,130 INFO org.hibernate.dialect.Dialect [main] HHH000400: Using dialect: org.hibernate.dialect.PostgreSQL95Dialect
2023-09-21 18:51:47,764 WARN org.hibernate.engine.jdbc.spi.SqlExceptionHelper$StandardWarningHandler [main] SQL Warning Code: 0, SQLState: 00000
2023-09-21 18:51:47,765 WARN org.hibernate.engine.jdbc.spi.SqlExceptionHelper$StandardWarningHandler [main] table "my_user" does not exist, skipping
2023-09-21 18:51:47,788 INFO org.hibernate.engine.transaction.jta.platform.internal.JtaPlatformInitiator [main] HHH000490: Using JtaPlatform implementation: [org.hibernate.engine.transaction.jta.platform.internal.NoJtaPlatform]
2023-09-21 18:51:47,800 INFO org.springframework.orm.jpa.AbstractEntityManagerFactoryBean [main] Initialized JPA EntityManagerFactory for persistence unit 'default'
2023-09-21 18:51:48,582 INFO org.apache.juli.logging.DirectJDKLog [main] Starting ProtocolHandler ["http-nio-8082"]
2023-09-21 18:51:48,609 INFO org.springframework.boot.web.embedded.tomcat.TomcatWebServer [main] Tomcat started on port(s): 8082 (http) with context path ''
2023-09-21 18:51:48,613 INFO org.springframework.core.log.CompositeLog [main] Starting...
2023-09-21 18:51:48,613 INFO org.springframework.core.log.CompositeLog [main] BrokerAvailabilityEvent[available=true, SimpleBrokerMessageHandler [org.springframework.messaging.simp.broker.DefaultSubscriptionRegistry@72646d16]]
2023-09-21 18:51:48,614 INFO org.springframework.core.log.CompositeLog [main] Started.
2023-09-21 18:51:48,628 INFO org.springframework.boot.StartupInfoLogger [main] Started MockAppApplication in 4.407 seconds (JVM running for 5.468)
2023-09-21 18:52:01,776 INFO org.apache.juli.logging.DirectJDKLog [http-nio-8082-exec-1] Initializing Spring DispatcherServlet 'dispatcherServlet'
2023-09-21 18:52:01,776 INFO org.springframework.web.servlet.FrameworkServlet [http-nio-8082-exec-1] Initializing Servlet 'dispatcherServlet'
2023-09-21 18:52:01,777 INFO org.springframework.web.servlet.FrameworkServlet [http-nio-8082-exec-1] Completed initialization in 0 ms
2023-09-21 18:52:16,482 INFO org.springframework.core.log.CompositeLog [SpringApplicationShutdownHook] Stopping...
2023-09-21 18:52:16,483 INFO org.springframework.core.log.CompositeLog [SpringApplicationShutdownHook] BrokerAvailabilityEvent[available=false, SimpleBrokerMessageHandler [org.springframework.messaging.simp.broker.DefaultSubscriptionRegistry@72646d16]]
2023-09-21 18:52:16,484 INFO org.springframework.core.log.CompositeLog [SpringApplicationShutdownHook] Stopped.
2023-09-21 18:52:16,521 INFO org.springframework.orm.jpa.AbstractEntityManagerFactoryBean [SpringApplicationShutdownHook] Closing JPA EntityManagerFactory for persistence unit 'default'
2023-09-21 18:52:16,522 INFO org.hibernate.tool.schema.internal.SchemaDropperImpl$DelayedDropActionImpl [SpringApplicationShutdownHook] HHH000477: Starting delayed evictData of schema as part of SessionFactory shut-down'
2023-09-21 18:52:16,533 INFO com.zaxxer.hikari.HikariDataSource [SpringApplicationShutdownHook] HikariPool-1 - Shutdown initiated...
2023-09-21 18:52:16,537 INFO com.zaxxer.hikari.HikariDataSource [SpringApplicationShutdownHook] HikariPool-1 - Shutdown completed.
2023-09-21 18:52:20,808 INFO org.springframework.boot.StartupInfoLogger [main] Starting MockAppApplication using Java 17.0.1 on DESKTOP-15V0HLI with PID 13844 (C:\Fakultetski predmeti\Circular\thesis\thesis-back\target\classes started by sovil in C:\Fakultetski predmeti\Circular\thesis\thesis-back)
2023-09-21 18:52:20,813 DEBUG org.springframework.boot.StartupInfoLogger [main] Running with Spring Boot v2.7.5, Spring v5.3.23
2023-09-21 18:52:20,814 INFO org.springframework.boot.SpringApplication [main] No active profile set, falling back to 1 default profile: "default"
2023-09-21 18:52:21,620 INFO org.springframework.data.repository.config.RepositoryConfigurationDelegate [main] Bootstrapping Spring Data JPA repositories in DEFAULT mode.
2023-09-21 18:52:21,697 INFO org.springframework.data.repository.config.RepositoryConfigurationDelegate [main] Finished Spring Data repository scanning in 63 ms. Found 1 JPA repository interfaces.
2023-09-21 18:52:22,328 INFO org.springframework.boot.web.embedded.tomcat.TomcatWebServer [main] Tomcat initialized with port(s): 8082 (http)
2023-09-21 18:52:22,337 INFO org.apache.juli.logging.DirectJDKLog [main] Initializing ProtocolHandler ["http-nio-8082"]
2023-09-21 18:52:22,337 INFO org.apache.juli.logging.DirectJDKLog [main] Starting service [Tomcat]
2023-09-21 18:52:22,338 INFO org.apache.juli.logging.DirectJDKLog [main] Starting Servlet engine: [Apache Tomcat/9.0.68]
2023-09-21 18:52:22,518 INFO org.apache.juli.logging.DirectJDKLog [main] Initializing Spring embedded WebApplicationContext
2023-09-21 18:52:22,518 INFO org.springframework.boot.web.servlet.context.ServletWebServerApplicationContext [main] Root WebApplicationContext: initialization completed in 1638 ms
2023-09-21 18:52:22,705 INFO org.hibernate.jpa.internal.util.LogHelper [main] HHH000204: Processing PersistenceUnitInfo [name: default]
2023-09-21 18:52:22,759 INFO org.hibernate.Version [main] HHH000412: Hibernate ORM core version 5.6.12.Final
2023-09-21 18:52:22,938 INFO org.hibernate.annotations.common.reflection.java.JavaReflectionManager [main] HCANN000001: Hibernate Commons Annotations {5.1.2.Final}
2023-09-21 18:52:23,061 INFO com.zaxxer.hikari.HikariDataSource [main] HikariPool-1 - Starting...
2023-09-21 18:52:23,257 INFO com.zaxxer.hikari.HikariDataSource [main] HikariPool-1 - Start completed.
2023-09-21 18:52:23,277 INFO org.hibernate.dialect.Dialect [main] HHH000400: Using dialect: org.hibernate.dialect.PostgreSQL95Dialect
2023-09-21 18:52:23,941 WARN org.hibernate.engine.jdbc.spi.SqlExceptionHelper$StandardWarningHandler [main] SQL Warning Code: 0, SQLState: 00000
2023-09-21 18:52:23,942 WARN org.hibernate.engine.jdbc.spi.SqlExceptionHelper$StandardWarningHandler [main] table "my_user" does not exist, skipping
2023-09-21 18:52:23,968 INFO org.hibernate.engine.transaction.jta.platform.internal.JtaPlatformInitiator [main] HHH000490: Using JtaPlatform implementation: [org.hibernate.engine.transaction.jta.platform.internal.NoJtaPlatform]
2023-09-21 18:52:23,980 INFO org.springframework.orm.jpa.AbstractEntityManagerFactoryBean [main] Initialized JPA EntityManagerFactory for persistence unit 'default'
2023-09-21 18:52:24,857 INFO org.apache.juli.logging.DirectJDKLog [main] Starting ProtocolHandler ["http-nio-8082"]
2023-09-21 18:52:24,879 INFO org.springframework.boot.web.embedded.tomcat.TomcatWebServer [main] Tomcat started on port(s): 8082 (http) with context path ''
2023-09-21 18:52:24,882 INFO org.springframework.core.log.CompositeLog [main] Starting...
2023-09-21 18:52:24,883 INFO org.springframework.core.log.CompositeLog [main] BrokerAvailabilityEvent[available=true, SimpleBrokerMessageHandler [org.springframework.messaging.simp.broker.DefaultSubscriptionRegistry@c2f7c63]]
2023-09-21 18:52:24,883 INFO org.springframework.core.log.CompositeLog [main] Started.
2023-09-21 18:52:24,896 INFO org.springframework.boot.StartupInfoLogger [main] Started MockAppApplication in 4.849 seconds (JVM running for 5.988)
2023-09-21 18:52:30,706 INFO org.apache.juli.logging.DirectJDKLog [http-nio-8082-exec-1] Initializing Spring DispatcherServlet 'dispatcherServlet'
2023-09-21 18:52:30,707 INFO org.springframework.web.servlet.FrameworkServlet [http-nio-8082-exec-1] Initializing Servlet 'dispatcherServlet'
2023-09-21 18:52:30,708 INFO org.springframework.web.servlet.FrameworkServlet [http-nio-8082-exec-1] Completed initialization in 1 ms
2023-09-21 18:52:40,734 INFO org.springframework.core.log.CompositeLog [SpringApplicationShutdownHook] Stopping...
2023-09-21 18:52:40,735 INFO org.springframework.core.log.CompositeLog [SpringApplicationShutdownHook] BrokerAvailabilityEvent[available=false, SimpleBrokerMessageHandler [org.springframework.messaging.simp.broker.DefaultSubscriptionRegistry@c2f7c63]]
2023-09-21 18:52:40,735 INFO org.springframework.core.log.CompositeLog [SpringApplicationShutdownHook] Stopped.
2023-09-21 18:52:40,773 INFO org.springframework.orm.jpa.AbstractEntityManagerFactoryBean [SpringApplicationShutdownHook] Closing JPA EntityManagerFactory for persistence unit 'default'
2023-09-21 18:52:40,773 INFO org.hibernate.tool.schema.internal.SchemaDropperImpl$DelayedDropActionImpl [SpringApplicationShutdownHook] HHH000477: Starting delayed evictData of schema as part of SessionFactory shut-down'
2023-09-21 18:52:40,786 INFO com.zaxxer.hikari.HikariDataSource [SpringApplicationShutdownHook] HikariPool-1 - Shutdown initiated...
2023-09-21 18:52:40,791 INFO com.zaxxer.hikari.HikariDataSource [SpringApplicationShutdownHook] HikariPool-1 - Shutdown completed.
2023-09-21 18:52:44,806 INFO org.springframework.boot.StartupInfoLogger [main] Starting MockAppApplication using Java 17.0.1 on DESKTOP-15V0HLI with PID 17996 (C:\Fakultetski predmeti\Circular\thesis\thesis-back\target\classes started by sovil in C:\Fakultetski predmeti\Circular\thesis\thesis-back)
2023-09-21 18:52:44,810 DEBUG org.springframework.boot.StartupInfoLogger [main] Running with Spring Boot v2.7.5, Spring v5.3.23
2023-09-21 18:52:44,811 INFO org.springframework.boot.SpringApplication [main] No active profile set, falling back to 1 default profile: "default"
2023-09-21 18:52:45,560 INFO org.springframework.data.repository.config.RepositoryConfigurationDelegate [main] Bootstrapping Spring Data JPA repositories in DEFAULT mode.
2023-09-21 18:52:45,629 INFO org.springframework.data.repository.config.RepositoryConfigurationDelegate [main] Finished Spring Data repository scanning in 58 ms. Found 1 JPA repository interfaces.
2023-09-21 18:52:46,283 INFO org.springframework.boot.web.embedded.tomcat.TomcatWebServer [main] Tomcat initialized with port(s): 8082 (http)
2023-09-21 18:52:46,293 INFO org.apache.juli.logging.DirectJDKLog [main] Initializing ProtocolHandler ["http-nio-8082"]
2023-09-21 18:52:46,294 INFO org.apache.juli.logging.DirectJDKLog [main] Starting service [Tomcat]
2023-09-21 18:52:46,294 INFO org.apache.juli.logging.DirectJDKLog [main] Starting Servlet engine: [Apache Tomcat/9.0.68]
2023-09-21 18:52:46,479 INFO org.apache.juli.logging.DirectJDKLog [main] Initializing Spring embedded WebApplicationContext
2023-09-21 18:52:46,480 INFO org.springframework.boot.web.servlet.context.ServletWebServerApplicationContext [main] Root WebApplicationContext: initialization completed in 1609 ms
2023-09-21 18:52:46,710 INFO org.hibernate.jpa.internal.util.LogHelper [main] HHH000204: Processing PersistenceUnitInfo [name: default]
2023-09-21 18:52:46,769 INFO org.hibernate.Version [main] HHH000412: Hibernate ORM core version 5.6.12.Final
2023-09-21 18:52:46,933 INFO org.hibernate.annotations.common.reflection.java.JavaReflectionManager [main] HCANN000001: Hibernate Commons Annotations {5.1.2.Final}
2023-09-21 18:52:47,059 INFO com.zaxxer.hikari.HikariDataSource [main] HikariPool-1 - Starting...
2023-09-21 18:52:47,250 INFO com.zaxxer.hikari.HikariDataSource [main] HikariPool-1 - Start completed.
2023-09-21 18:52:47,268 INFO org.hibernate.dialect.Dialect [main] HHH000400: Using dialect: org.hibernate.dialect.PostgreSQL95Dialect
2023-09-21 18:52:47,927 WARN org.hibernate.engine.jdbc.spi.SqlExceptionHelper$StandardWarningHandler [main] SQL Warning Code: 0, SQLState: 00000
2023-09-21 18:52:47,927 WARN org.hibernate.engine.jdbc.spi.SqlExceptionHelper$StandardWarningHandler [main] table "my_user" does not exist, skipping
2023-09-21 18:52:47,953 INFO org.hibernate.engine.transaction.jta.platform.internal.JtaPlatformInitiator [main] HHH000490: Using JtaPlatform implementation: [org.hibernate.engine.transaction.jta.platform.internal.NoJtaPlatform]
2023-09-21 18:52:47,965 INFO org.springframework.orm.jpa.AbstractEntityManagerFactoryBean [main] Initialized JPA EntityManagerFactory for persistence unit 'default'
2023-09-21 18:52:48,797 INFO org.apache.juli.logging.DirectJDKLog [main] Starting ProtocolHandler ["http-nio-8082"]
2023-09-21 18:52:48,820 INFO org.springframework.boot.web.embedded.tomcat.TomcatWebServer [main] Tomcat started on port(s): 8082 (http) with context path ''
2023-09-21 18:52:48,823 INFO org.springframework.core.log.CompositeLog [main] Starting...
2023-09-21 18:52:48,824 INFO org.springframework.core.log.CompositeLog [main] BrokerAvailabilityEvent[available=true, SimpleBrokerMessageHandler [org.springframework.messaging.simp.broker.DefaultSubscriptionRegistry@c2f7c63]]
2023-09-21 18:52:48,824 INFO org.springframework.core.log.CompositeLog [main] Started.
2023-09-21 18:52:48,838 INFO org.springframework.boot.StartupInfoLogger [main] Started MockAppApplication in 4.68 seconds (JVM running for 5.78)
2023-09-21 18:52:48,909 INFO org.apache.juli.logging.DirectJDKLog [http-nio-8082-exec-1] Initializing Spring DispatcherServlet 'dispatcherServlet'
2023-09-21 18:52:48,910 INFO org.springframework.web.servlet.FrameworkServlet [http-nio-8082-exec-1] Initializing Servlet 'dispatcherServlet'
2023-09-21 18:52:48,911 INFO org.springframework.web.servlet.FrameworkServlet [http-nio-8082-exec-1] Completed initialization in 1 ms
2023-09-21 18:52:59,529 INFO org.springframework.core.log.CompositeLog [SpringApplicationShutdownHook] Stopping...
2023-09-21 18:52:59,530 INFO org.springframework.core.log.CompositeLog [SpringApplicationShutdownHook] BrokerAvailabilityEvent[available=false, SimpleBrokerMessageHandler [org.springframework.messaging.simp.broker.DefaultSubscriptionRegistry@c2f7c63]]
2023-09-21 18:52:59,530 INFO org.springframework.core.log.CompositeLog [SpringApplicationShutdownHook] Stopped.
2023-09-21 18:52:59,566 INFO org.springframework.orm.jpa.AbstractEntityManagerFactoryBean [SpringApplicationShutdownHook] Closing JPA EntityManagerFactory for persistence unit 'default'
2023-09-21 18:52:59,567 INFO org.hibernate.tool.schema.internal.SchemaDropperImpl$DelayedDropActionImpl [SpringApplicationShutdownHook] HHH000477: Starting delayed evictData of schema as part of SessionFactory shut-down'
2023-09-21 18:52:59,578 INFO com.zaxxer.hikari.HikariDataSource [SpringApplicationShutdownHook] HikariPool-1 - Shutdown initiated...
2023-09-21 18:52:59,582 INFO com.zaxxer.hikari.HikariDataSource [SpringApplicationShutdownHook] HikariPool-1 - Shutdown completed.
