2023-09-24 11:23:38,812 INFO org.springframework.boot.StartupInfoLogger [main] Starting ThesisApplication using Java 17.0.1 on DESKTOP-15V0HLI with PID 4940 (C:\Fakultetski predmeti\Circular\thesis\thesis-back\target\classes started by sovil in C:\Fakultetski predmeti\Circular\thesis\thesis-back)
2023-09-24 11:23:38,822 DEBUG org.springframework.boot.StartupInfoLogger [main] Running with Spring Boot v2.7.5, Spring v5.3.23
2023-09-24 11:23:38,823 INFO org.springframework.boot.SpringApplication [main] No active profile set, falling back to 1 default profile: "default"
2023-09-24 11:23:39,703 INFO org.springframework.data.repository.config.RepositoryConfigurationDelegate [main] Bootstrapping Spring Data JPA repositories in DEFAULT mode.
2023-09-24 11:23:39,771 INFO org.springframework.data.repository.config.RepositoryConfigurationDelegate [main] Finished Spring Data repository scanning in 57 ms. Found 2 JPA repository interfaces.
2023-09-24 11:23:40,373 INFO org.springframework.boot.web.embedded.tomcat.TomcatWebServer [main] Tomcat initialized with port(s): 8082 (http)
2023-09-24 11:23:40,388 INFO org.apache.juli.logging.DirectJDKLog [main] Initializing ProtocolHandler ["http-nio-8082"]
2023-09-24 11:23:40,389 INFO org.apache.juli.logging.DirectJDKLog [main] Starting service [Tomcat]
2023-09-24 11:23:40,389 INFO org.apache.juli.logging.DirectJDKLog [main] Starting Servlet engine: [Apache Tomcat/9.0.68]
2023-09-24 11:23:40,582 INFO org.apache.juli.logging.DirectJDKLog [main] Initializing Spring embedded WebApplicationContext
2023-09-24 11:23:40,582 INFO org.springframework.boot.web.servlet.context.ServletWebServerApplicationContext [main] Root WebApplicationContext: initialization completed in 1669 ms
2023-09-24 11:23:40,768 INFO org.hibernate.jpa.internal.util.LogHelper [main] HHH000204: Processing PersistenceUnitInfo [name: default]
2023-09-24 11:23:40,815 INFO org.hibernate.Version [main] HHH000412: Hibernate ORM core version 5.6.12.Final
2023-09-24 11:23:40,953 INFO org.hibernate.annotations.common.reflection.java.JavaReflectionManager [main] HCANN000001: Hibernate Commons Annotations {5.1.2.Final}
2023-09-24 11:23:41,053 INFO com.zaxxer.hikari.HikariDataSource [main] HikariPool-1 - Starting...
2023-09-24 11:23:41,256 INFO com.zaxxer.hikari.HikariDataSource [main] HikariPool-1 - Start completed.
2023-09-24 11:23:41,275 INFO org.hibernate.dialect.Dialect [main] HHH000400: Using dialect: org.hibernate.dialect.PostgreSQL95Dialect
2023-09-24 11:23:41,894 WARN org.hibernate.engine.jdbc.spi.SqlExceptionHelper$StandardWarningHandler [main] SQL Warning Code: 0, SQLState: 00000
2023-09-24 11:23:41,895 WARN org.hibernate.engine.jdbc.spi.SqlExceptionHelper$StandardWarningHandler [main] table "log" does not exist, skipping
2023-09-24 11:23:41,895 WARN org.hibernate.engine.jdbc.spi.SqlExceptionHelper$StandardWarningHandler [main] SQL Warning Code: 0, SQLState: 00000
2023-09-24 11:23:41,896 WARN org.hibernate.engine.jdbc.spi.SqlExceptionHelper$StandardWarningHandler [main] table "my_user" does not exist, skipping
2023-09-24 11:23:41,933 INFO org.hibernate.engine.transaction.jta.platform.internal.JtaPlatformInitiator [main] HHH000490: Using JtaPlatform implementation: [org.hibernate.engine.transaction.jta.platform.internal.NoJtaPlatform]
2023-09-24 11:23:41,946 INFO org.springframework.orm.jpa.AbstractEntityManagerFactoryBean [main] Initialized JPA EntityManagerFactory for persistence unit 'default'
2023-09-24 11:23:42,737 INFO org.apache.juli.logging.DirectJDKLog [main] Starting ProtocolHandler ["http-nio-8082"]
2023-09-24 11:23:42,758 INFO org.springframework.boot.web.embedded.tomcat.TomcatWebServer [main] Tomcat started on port(s): 8082 (http) with context path ''
2023-09-24 11:23:42,761 INFO org.springframework.core.log.CompositeLog [main] Starting...
2023-09-24 11:23:42,762 INFO org.springframework.core.log.CompositeLog [main] BrokerAvailabilityEvent[available=true, SimpleBrokerMessageHandler [org.springframework.messaging.simp.broker.DefaultSubscriptionRegistry@512dc0e0]]
2023-09-24 11:23:42,762 INFO org.springframework.core.log.CompositeLog [main] Started.
